<?xml version="1.0" encoding="UTF-8"?>
<!-- Generated by org.testng.reporters.JUnitReportReporter -->
<testsuite hostname="LAPTOP-B6MQFRDE" failures="0" tests="1" name="Selenium.tester4" time="10.031" errors="0" timestamp="2022-04-22T11:55:22 EDT" skipped="0">
  <testcase classname="Selenium.tester4" name="demo1" time="10.031"/>
  <system-out/>
</testsuite> <!-- Selenium.tester4 -->
