<?xml version="1.0" encoding="UTF-8"?>
<!-- Generated by org.testng.reporters.JUnitReportReporter -->
<testsuite hostname="LAPTOP-B6MQFRDE" failures="0" tests="1" name="Selenium.fetchdata2" time="0.037" errors="0" timestamp="2022-04-22T16:39:35 EDT" skipped="0">
  <testcase classname="Selenium.fetchdata2" name="getData" time="0.037"/>
  <system-out/>
</testsuite> <!-- Selenium.fetchdata2 -->
