<?xml version="1.0" encoding="UTF-8"?>
<!-- Generated by org.testng.reporters.JUnitReportReporter -->
<testsuite hostname="LAPTOP-B6MQFRDE" failures="0" tests="1" name="Selenium.action1" time="6.756" errors="0" timestamp="2022-04-22T20:47:32 EDT" skipped="0">
  <testcase classname="Selenium.action1" name="demo" time="6.756"/>
  <system-out/>
</testsuite> <!-- Selenium.action1 -->
