<?xml version="1.0" encoding="UTF-8"?>
<!-- Generated by org.testng.reporters.JUnitReportReporter -->
<testsuite hostname="LAPTOP-B6MQFRDE" failures="0" tests="1" name="Selenium.tester3" time="5.915" errors="0" timestamp="2022-04-22T10:51:52 EDT" skipped="0">
  <testcase classname="Selenium.tester3" name="demo1" time="5.915"/>
  <system-out/>
</testsuite> <!-- Selenium.tester3 -->
