<?xml version="1.0" encoding="UTF-8"?>
<!-- Generated by org.testng.reporters.JUnitReportReporter -->
<testsuite hostname="LAPTOP-B6MQFRDE" failures="0" tests="1" name="Selenium.JavaScriptExecutor2" time="9.846" errors="0" timestamp="2022-04-22T17:15:23 EDT" skipped="0">
  <testcase classname="Selenium.JavaScriptExecutor2" name="demo" time="9.846"/>
  <system-out/>
</testsuite> <!-- Selenium.JavaScriptExecutor2 -->
