<?xml version="1.0" encoding="UTF-8"?>
<!-- Generated by org.testng.reporters.JUnitReportReporter -->
<testsuite hostname="LAPTOP-B6MQFRDE" failures="0" tests="1" name="Selenium.Select1" time="5.262" errors="0" timestamp="2022-04-22T20:17:09 EDT" skipped="0">
  <testcase classname="Selenium.Select1" name="demo" time="5.262"/>
  <system-out/>
</testsuite> <!-- Selenium.Select1 -->
