<?xml version="1.0" encoding="UTF-8"?>
<!-- Generated by org.testng.reporters.JUnitReportReporter -->
<testsuite hostname="LAPTOP-B6MQFRDE" failures="0" tests="1" name="Selenium.tester2" time="6.407" errors="0" timestamp="2022-04-22T12:10:03 EDT" skipped="0">
  <testcase classname="Selenium.tester2" name="demo" time="6.407"/>
  <system-out/>
</testsuite> <!-- Selenium.tester2 -->
