<?xml version="1.0" encoding="UTF-8"?>
<!-- Generated by org.testng.reporters.JUnitReportReporter -->
<testsuite hostname="LAPTOP-B6MQFRDE" failures="0" tests="1" name="Selenium.JavaScriptExecutor1" time="9.990" errors="0" timestamp="2022-04-22T17:09:25 EDT" skipped="0">
  <testcase classname="Selenium.JavaScriptExecutor1" name="demo" time="9.990"/>
  <system-out/>
</testsuite> <!-- Selenium.JavaScriptExecutor1 -->
