<?xml version="1.0" encoding="UTF-8"?>
<!-- Generated by org.testng.reporters.JUnitReportReporter -->
<testsuite hostname="LAPTOP-B6MQFRDE" failures="0" tests="1" name="Selenium.tester1" time="7.597" errors="0" timestamp="2022-04-22T10:34:40 EDT" skipped="0">
  <testcase classname="Selenium.tester1" name="launchB" time="7.597"/>
  <system-out/>
</testsuite> <!-- Selenium.tester1 -->
