<?xml version="1.0" encoding="UTF-8"?>
<!-- Generated by org.testng.reporters.JUnitReportReporter -->
<testsuite hostname="LAPTOP-B6MQFRDE" failures="0" tests="1" name="Selenium.tester5" time="6.255" errors="0" timestamp="2022-04-22T14:46:25 EDT" skipped="0">
  <testcase classname="Selenium.tester5" name="demo" time="6.255"/>
  <system-out/>
</testsuite> <!-- Selenium.tester5 -->
