<?xml version="1.0" encoding="UTF-8"?>
<!-- Generated by org.testng.reporters.JUnitReportReporter -->
<testsuite hostname="LAPTOP-B6MQFRDE" failures="0" tests="1" name="Selenium.p1" time="10.835" errors="0" timestamp="2022-04-22T20:58:37 EDT" skipped="0">
  <testcase classname="Selenium.p1" name="demo" time="10.835"/>
  <system-out/>
</testsuite> <!-- Selenium.p1 -->
